time="2023-04-15T01:35:29+03:00" level=info msg="Starting app" func="()&{{}}" file="app.go:18:"
time="2023-04-15T01:36:59+03:00" level=info msg="Starting app" func="()main.main" file="app.go:18:"
time="2023-04-15T01:44:07+03:00" level=info msg="Starting app" func="main.main()" file="app.go:21:"
time="2023-04-16T23:49:23+03:00" level=info msg="Reading config..." func="github.com/POMBNK/restAPI/pkg/config.GetCfg.func1()" file="config.go:24:"
time="2023-04-16T23:49:23+03:00" level=info func="github.com/POMBNK/restAPI/pkg/config.GetCfg.func1()" file="config.go:28:"
time="2023-04-16T23:49:23+03:00" level=fatal msg="wrong type ptr" func="github.com/POMBNK/restAPI/pkg/config.GetCfg.func1()" file="config.go:29:"
time="2023-04-16T23:49:44+03:00" level=info msg="Reading config..." func="github.com/POMBNK/restAPI/pkg/config.GetCfg.func1()" file="config.go:24:"
time="2023-04-16T23:49:44+03:00" level=info func="github.com/POMBNK/restAPI/pkg/config.GetCfg.func1()" file="config.go:28:"
time="2023-04-16T23:49:44+03:00" level=fatal msg="wrong type ptr" func="github.com/POMBNK/restAPI/pkg/config.GetCfg.func1()" file="config.go:29:"
time="2023-04-16T23:50:39+03:00" level=info msg="Reading config..." func="github.com/POMBNK/restAPI/pkg/config.GetCfg.func1()" file="config.go:24:"
time="2023-04-16T23:50:39+03:00" level=info func="github.com/POMBNK/restAPI/pkg/config.GetCfg.func1()" file="config.go:28:"
time="2023-04-16T23:50:39+03:00" level=fatal msg="wrong type ptr" func="github.com/POMBNK/restAPI/pkg/config.GetCfg.func1()" file="config.go:29:"
time="2023-04-16T23:51:38+03:00" level=info msg="Reading config..." func="github.com/POMBNK/restAPI/pkg/config.GetCfg.func1()" file="config.go:24:"
time="2023-04-16T23:52:07+03:00" level=info msg="Reading config..." func="github.com/POMBNK/restAPI/pkg/config.GetCfg.func1()" file="config.go:24:"
time="2023-04-16T23:52:07+03:00" level=info msg="Starting app" func="main.main()" file="app.go:30:"
time="2023-04-16T23:52:07+03:00" level=info msg="Listen tcp" func="main.start()" file="app.go:39:"
time="2023-04-16T23:52:07+03:00" level=debug msg="Create a socket at path: /tmp/go-build276161408/b001/exe/app.sock" func="main.start()" file="app.go:51:"
time="2023-04-16T23:52:07+03:00" level=info msg="Listen socket" func="main.start()" file="app.go:56:"
time="2023-04-16T23:53:12+03:00" level=info msg="Reading config..." func="github.com/POMBNK/restAPI/pkg/config.GetCfg.func1()" file="config.go:24:"
time="2023-04-16T23:53:12+03:00" level=info msg="Starting app" func="main.main()" file="app.go:30:"
time="2023-04-16T23:53:12+03:00" level=info msg="Listen tcp" func="main.start()" file="app.go:39:"
time="2023-04-16T23:53:12+03:00" level=debug msg="Create a socket at path: /home/pombnk/dev/sandboxRestApi/app.sock" func="main.start()" file="app.go:51:"
time="2023-04-16T23:53:12+03:00" level=info msg="Listen socket" func="main.start()" file="app.go:56:"
time="2023-04-16T23:53:29+03:00" level=info msg="Reading config..." func="github.com/POMBNK/restAPI/pkg/config.GetCfg.func1()" file="config.go:24:"
time="2023-04-16T23:53:29+03:00" level=info msg="Starting app" func="main.main()" file="app.go:30:"
time="2023-04-16T23:53:29+03:00" level=info msg="Listen tcp" func="main.start()" file="app.go:39:"
time="2023-04-16T23:53:29+03:00" level=debug msg="Create a socket at path: /home/pombnk/dev/sandboxRestApi/app.sock" func="main.start()" file="app.go:51:"
time="2023-04-16T23:53:30+03:00" level=fatal msg="listen unix /home/pombnk/dev/sandboxRestApi/app.sock: bind: address already in use" func="main.start()" file="app.go:54:"
time="2023-04-16T23:54:45+03:00" level=info msg="Reading config..." func="github.com/POMBNK/restAPI/pkg/config.GetCfg.func1()" file="config.go:24:"
time="2023-04-16T23:54:45+03:00" level=info msg="Starting app" func="main.main()" file="app.go:30:"
time="2023-04-16T23:54:45+03:00" level=info msg="Listen tcp" func="main.start()" file="app.go:39:"
time="2023-04-16T23:54:45+03:00" level=debug msg="Create a socket at path: /tmp/go-build3778852995/b001/exe/app.sock" func="main.start()" file="app.go:51:"
time="2023-04-16T23:54:45+03:00" level=info msg="Listen socket" func="main.start()" file="app.go:56:"
time="2023-04-16T23:55:59+03:00" level=info msg="Reading config..." func="github.com/POMBNK/restAPI/pkg/config.GetCfg.func1()" file="config.go:24:"
time="2023-04-16T23:55:59+03:00" level=info msg="Starting app" func="main.main()" file="app.go:30:"
time="2023-04-16T23:55:59+03:00" level=info msg="Listen tcp" func="main.start()" file="app.go:39:"
time="2023-04-16T23:56:28+03:00" level=info msg="Reading config..." func="github.com/POMBNK/restAPI/pkg/config.GetCfg.func1()" file="config.go:24:"
time="2023-04-16T23:56:28+03:00" level=info msg="Starting app" func="main.main()" file="app.go:30:"
time="2023-04-16T23:56:28+03:00" level=debug msg="Create a socket at path: /tmp/go-build471746992/b001/exe/app.sock" func="main.start()" file="app.go:50:"
time="2023-04-16T23:56:28+03:00" level=info msg="Listen socket" func="main.start()" file="app.go:55:"
time="2023-04-16T23:57:42+03:00" level=info msg="Reading config..." func="github.com/POMBNK/restAPI/pkg/config.GetCfg.func1()" file="config.go:24:"
time="2023-04-16T23:57:42+03:00" level=info msg="Starting app" func="main.main()" file="app.go:30:"
time="2023-04-16T23:57:42+03:00" level=debug msg="Create a socket at path: /tmp/go-build571513259/b001/exe/app.sock" func="main.start()" file="app.go:50:"
time="2023-04-16T23:57:42+03:00" level=info msg="Listen socket" func="main.start()" file="app.go:55:"
time="2023-04-17T00:11:40+03:00" level=info msg="Reading config..." func="github.com/POMBNK/restAPI/pkg/config.GetCfg.func1()" file="config.go:24:"
time="2023-04-17T00:11:40+03:00" level=info msg="Starting app" func="main.main()" file="app.go:30:"
time="2023-04-17T00:11:40+03:00" level=debug msg="Create a socket at path: /home/pombnk/dev/sandboxRestApi/build/app.sock" func="main.start()" file="app.go:50:"
time="2023-04-17T00:11:40+03:00" level=info msg="Listen socket" func="main.start()" file="app.go:55:"
time="2023-04-17T00:12:34+03:00" level=info msg="Reading config..." func="github.com/POMBNK/restAPI/pkg/config.GetCfg.func1()" file="config.go:24:"
time="2023-04-17T00:12:34+03:00" level=info msg="Starting app" func="main.main()" file="app.go:30:"
time="2023-04-17T00:12:34+03:00" level=debug msg="Create a socket at path: /home/pombnk/dev/sandboxRestApi/build/app.sock" func="main.start()" file="app.go:50:"
time="2023-04-17T00:12:34+03:00" level=fatal msg="listen unix /home/pombnk/dev/sandboxRestApi/build/app.sock: bind: address already in use" func="main.start()" file="app.go:53:"
time="2023-04-17T00:13:33+03:00" level=info msg="Reading config..." func="github.com/POMBNK/restAPI/pkg/config.GetCfg.func1()" file="config.go:24:"
time="2023-04-17T00:13:33+03:00" level=info msg="Starting app" func="main.main()" file="app.go:30:"
time="2023-04-17T00:13:33+03:00" level=debug msg="Create a socket at path: /home/pombnk/dev/sandboxRestApi/build/app.sock" func="main.start()" file="app.go:50:"
time="2023-04-17T00:13:33+03:00" level=fatal msg="listen unix /home/pombnk/dev/sandboxRestApi/build/app.sock: bind: address already in use" func="main.start()" file="app.go:53:"
time="2023-04-17T00:16:08+03:00" level=info msg="Reading config..." func="github.com/POMBNK/restAPI/pkg/config.GetCfg.func1()" file="config.go:24:"
time="2023-04-17T00:16:08+03:00" level=info msg="Starting app" func="main.main()" file="app.go:30:"
time="2023-04-17T00:16:08+03:00" level=debug msg="Create a socket at path: /tmp/go-build2520848253/b001/exe/app.sock" func="main.start()" file="app.go:50:"
time="2023-04-17T00:16:08+03:00" level=info msg="Listen socket" func="main.start()" file="app.go:55:"
time="2023-04-17T00:19:29+03:00" level=info msg="Reading config..." func="github.com/POMBNK/restAPI/pkg/config.GetCfg.func1()" file="config.go:24:"
time="2023-04-17T00:19:29+03:00" level=info func="github.com/POMBNK/restAPI/pkg/config.GetCfg.func1()" file="config.go:28:"
time="2023-04-17T00:19:29+03:00" level=fatal msg="open ,../config.yml: no such file or directory" func="github.com/POMBNK/restAPI/pkg/config.GetCfg.func1()" file="config.go:29:"
time="2023-04-17T00:19:44+03:00" level=info msg="Reading config..." func="github.com/POMBNK/restAPI/pkg/config.GetCfg.func1()" file="config.go:24:"
time="2023-04-17T00:19:44+03:00" level=info func="github.com/POMBNK/restAPI/pkg/config.GetCfg.func1()" file="config.go:28:"
time="2023-04-17T00:19:44+03:00" level=fatal msg="open ,../config.yml: no such file or directory" func="github.com/POMBNK/restAPI/pkg/config.GetCfg.func1()" file="config.go:29:"
time="2023-04-17T00:20:23+03:00" level=info msg="Reading config..." func="github.com/POMBNK/restAPI/pkg/config.GetCfg.func1()" file="config.go:24:"
time="2023-04-17T00:20:23+03:00" level=info func="github.com/POMBNK/restAPI/pkg/config.GetCfg.func1()" file="config.go:28:"
time="2023-04-17T00:20:23+03:00" level=fatal msg="open ,../config.yml: no such file or directory" func="github.com/POMBNK/restAPI/pkg/config.GetCfg.func1()" file="config.go:29:"
time="2023-04-17T00:20:32+03:00" level=info msg="Reading config..." func="github.com/POMBNK/restAPI/pkg/config.GetCfg.func1()" file="config.go:24:"
time="2023-04-17T00:20:32+03:00" level=info func="github.com/POMBNK/restAPI/pkg/config.GetCfg.func1()" file="config.go:28:"
time="2023-04-17T00:20:32+03:00" level=fatal msg="open ,../config.yml: no such file or directory" func="github.com/POMBNK/restAPI/pkg/config.GetCfg.func1()" file="config.go:29:"
time="2023-04-17T00:21:15+03:00" level=info msg="Reading config..." func="github.com/POMBNK/restAPI/pkg/config.GetCfg.func1()" file="config.go:24:"
time="2023-04-17T00:21:15+03:00" level=info func="github.com/POMBNK/restAPI/pkg/config.GetCfg.func1()" file="config.go:28:"
time="2023-04-17T00:21:15+03:00" level=fatal msg="open /../config.yml: no such file or directory" func="github.com/POMBNK/restAPI/pkg/config.GetCfg.func1()" file="config.go:29:"
time="2023-04-17T00:21:44+03:00" level=info msg="Reading config..." func="github.com/POMBNK/restAPI/pkg/config.GetCfg.func1()" file="config.go:24:"
time="2023-04-17T00:21:44+03:00" level=info msg="Starting app" func="main.main()" file="app.go:30:"
time="2023-04-17T00:21:44+03:00" level=debug msg="Create a socket at path: /tmp/go-build234465876/b001/exe/app.sock" func="main.start()" file="app.go:50:"
time="2023-04-17T00:21:44+03:00" level=info msg="Listen socket" func="main.start()" file="app.go:55:"
time="2023-04-17T00:29:50+03:00" level=info msg="Reading config..." func="github.com/POMBNK/restAPI/pkg/config.GetCfg.func1()" file="config.go:24:"
time="2023-04-17T00:29:50+03:00" level=info msg="Starting app" func="main.main()" file="app.go:30:"
time="2023-04-17T00:29:50+03:00" level=info msg="Listen tcp" func="main.start()" file="app.go:39:"
time="2023-04-17T00:29:55+03:00" level=info msg=GetUsersListsMethod func="github.com/POMBNK/restAPI/internal/user.(*handler).GetUsersList()" file="handler.go:39:"
time="2023-04-17T00:34:06+03:00" level=info msg="Reading config..." func="github.com/POMBNK/restAPI/pkg/config.GetCfg.func1()" file="config.go:24:"
time="2023-04-17T00:34:06+03:00" level=info msg="Starting app" func="main.main()" file="app.go:30:"
time="2023-04-17T00:34:06+03:00" level=info msg="Listen tcp" func="main.start()" file="app.go:39:"
time="2023-04-17T00:34:06+03:00" level=fatal msg="listen tcp 127.0.0.1:8080: bind: address already in use" func="main.start()" file="app.go:42:"
time="2023-04-17T00:34:27+03:00" level=info msg="Reading config..." func="github.com/POMBNK/restAPI/pkg/config.GetCfg.func1()" file="config.go:24:"
time="2023-04-17T00:34:27+03:00" level=info msg="Starting app" func="main.main()" file="app.go:30:"
time="2023-04-17T00:34:27+03:00" level=debug msg="Create a socket at path: /tmp/go-build433628683/b001/exe/app.sock" func="main.start()" file="app.go:50:"
time="2023-04-17T00:34:27+03:00" level=info msg="Listen socket" func="main.start()" file="app.go:55:"
time="2023-04-17T00:34:47+03:00" level=info msg="Reading config..." func="github.com/POMBNK/restAPI/pkg/config.GetCfg.func1()" file="config.go:24:"
time="2023-04-17T00:34:47+03:00" level=info msg="Starting app" func="main.main()" file="app.go:30:"
time="2023-04-17T00:34:47+03:00" level=debug msg="Create a socket at path: /home/pombnk/dev/sandboxRestApi/build/app.sock" func="main.start()" file="app.go:50:"
time="2023-04-17T00:34:47+03:00" level=fatal msg="listen unix /home/pombnk/dev/sandboxRestApi/build/app.sock: bind: address already in use" func="main.start()" file="app.go:53:"
time="2023-04-17T00:34:55+03:00" level=info msg="Reading config..." func="github.com/POMBNK/restAPI/pkg/config.GetCfg.func1()" file="config.go:24:"
time="2023-04-17T00:34:55+03:00" level=info msg="Starting app" func="main.main()" file="app.go:30:"
time="2023-04-17T00:34:55+03:00" level=debug msg="Create a socket at path: /home/pombnk/dev/sandboxRestApi/build/app.sock" func="main.start()" file="app.go:50:"
time="2023-04-17T00:34:55+03:00" level=info msg="Listen socket" func="main.start()" file="app.go:55:"
time="2023-04-17T00:39:06+03:00" level=info msg="Reading config..." func="github.com/POMBNK/restAPI/pkg/config.GetCfg.func1()" file="config.go:24:"
time="2023-04-17T00:39:06+03:00" level=info msg="Starting app" func="main.main()" file="app.go:30:"
time="2023-04-17T00:39:06+03:00" level=debug msg="Create a socket at path: /home/pombnk/dev/sandboxRestApi/build/app.sock" func="main.start()" file="app.go:50:"
time="2023-04-17T00:39:06+03:00" level=fatal msg="listen unix /home/pombnk/dev/sandboxRestApi/build/app.sock: bind: address already in use" func="main.start()" file="app.go:53:"
time="2023-04-17T00:39:42+03:00" level=info msg="Reading config..." func="github.com/POMBNK/restAPI/pkg/config.GetCfg.func1()" file="config.go:24:"
time="2023-04-17T00:39:42+03:00" level=info msg="Starting app" func="main.main()" file="app.go:30:"
time="2023-04-17T00:39:42+03:00" level=debug msg="Create a socket at path: /home/pombnk/dev/sandboxRestApi/build/app.sock" func="main.start()" file="app.go:50:"
time="2023-04-17T00:39:42+03:00" level=fatal msg="listen unix /home/pombnk/dev/sandboxRestApi/build/app.sock: bind: address already in use" func="main.start()" file="app.go:53:"
time="2023-04-17T00:39:56+03:00" level=info msg="Reading config..." func="github.com/POMBNK/restAPI/pkg/config.GetCfg.func1()" file="config.go:24:"
time="2023-04-17T00:39:56+03:00" level=info msg="Starting app" func="main.main()" file="app.go:30:"
time="2023-04-17T00:39:56+03:00" level=debug msg="Create a socket at path: /home/pombnk/dev/sandboxRestApi/build/app.sock" func="main.start()" file="app.go:50:"
time="2023-04-17T00:42:20+03:00" level=fatal msg="listen unix /home/pombnk/dev/sandboxRestApi/build/app.sock: bind: address already in use" func="main.start()" file="app.go:53:"
time="2023-04-17T00:44:05+03:00" level=info msg="Reading config..." func="github.com/POMBNK/restAPI/pkg/config.GetCfg.func1()" file="config.go:24:"
time="2023-04-17T00:44:05+03:00" level=info msg="Starting app" func="main.main()" file="app.go:30:"
time="2023-04-17T00:44:05+03:00" level=debug msg="Create a socket at path: /tmp/go-build2883947712/b001/exe/app.sock" func="main.start()" file="app.go:50:"
time="2023-04-17T00:44:05+03:00" level=info msg="Listen socket" func="main.start()" file="app.go:55:"
time="2023-04-17T00:44:52+03:00" level=info msg="Reading config..." func="github.com/POMBNK/restAPI/pkg/config.GetCfg.func1()" file="config.go:24:"
time="2023-04-17T00:44:52+03:00" level=info msg="Starting app" func="main.main()" file="app.go:30:"
time="2023-04-17T00:44:52+03:00" level=debug msg="Create a socket at path: /tmp/go-build1407932113/b001/exe/app.sock" func="main.start()" file="app.go:50:"
time="2023-04-17T00:44:52+03:00" level=info msg="Listen socket" func="main.start()" file="app.go:55:"
time="2023-04-17T10:40:49+03:00" level=info msg="Reading config..." func="github.com/POMBNK/restAPI/pkg/config.GetCfg.func1()" file="config.go:24:"
time="2023-04-17T10:40:49+03:00" level=info msg="Starting app" func="main.main()" file="app.go:30:"
time="2023-04-17T10:40:49+03:00" level=info msg="Listen tcp" func="main.start()" file="app.go:39:"
time="2023-04-17T10:43:34+03:00" level=info msg="Reading config..." func="github.com/POMBNK/restAPI/pkg/config.GetCfg.func1()" file="config.go:24:"
time="2023-04-17T10:43:34+03:00" level=info msg="Starting app" func="main.main()" file="app.go:32:"
time="2023-04-17T10:43:34+03:00" level=debug msg="Create a socket at path: /tmp/go-build157394629/b001/exe/app.sock" func="main.start()" file="app.go:53:"
time="2023-04-17T10:43:34+03:00" level=info msg="Listen socket" func="main.start()" file="app.go:54:"
time="2023-04-17T10:43:46+03:00" level=info msg="Reading config..." func="github.com/POMBNK/restAPI/pkg/config.GetCfg.func1()" file="config.go:24:"
time="2023-04-17T10:43:46+03:00" level=info msg="Starting app" func="main.main()" file="app.go:32:"
time="2023-04-17T10:43:46+03:00" level=debug msg="Create a socket at path: /home/pombnk/dev/sandboxRestApi/build/app.sock" func="main.start()" file="app.go:53:"
time="2023-04-17T10:43:46+03:00" level=info msg="Listen socket" func="main.start()" file="app.go:54:"
time="2023-04-17T10:44:05+03:00" level=info msg="Reading config..." func="github.com/POMBNK/restAPI/pkg/config.GetCfg.func1()" file="config.go:24:"
time="2023-04-17T10:44:05+03:00" level=info msg="Starting app" func="main.main()" file="app.go:32:"
time="2023-04-17T10:44:05+03:00" level=debug msg="Create a socket at path: /home/pombnk/dev/sandboxRestApi/build/app.sock" func="main.start()" file="app.go:53:"
time="2023-04-17T10:44:05+03:00" level=info msg="Listen socket" func="main.start()" file="app.go:54:"
time="2023-04-17T10:44:39+03:00" level=info msg="Reading config..." func="github.com/POMBNK/restAPI/pkg/config.GetCfg.func1()" file="config.go:24:"
time="2023-04-17T10:44:39+03:00" level=info msg="Starting app" func="main.main()" file="app.go:32:"
time="2023-04-17T10:44:39+03:00" level=debug msg="Create a socket at path: /home/pombnk/dev/sandboxRestApi/build/app.sock" func="main.start()" file="app.go:53:"
time="2023-04-17T10:44:39+03:00" level=info msg="Listen socket" func="main.start()" file="app.go:54:"
time="2023-04-17T10:45:31+03:00" level=info msg="Reading config..." func="github.com/POMBNK/restAPI/pkg/config.GetCfg.func1()" file="config.go:24:"
time="2023-04-17T10:45:31+03:00" level=info msg="Starting app" func="main.main()" file="app.go:32:"
time="2023-04-17T10:45:31+03:00" level=debug msg="Create a socket at path: /home/pombnk/dev/sandboxRestApi/build/app.sock" func="main.start()" file="app.go:53:"
time="2023-04-17T10:45:31+03:00" level=info msg="Listen socket" func="main.start()" file="app.go:54:"
time="2023-06-07T22:19:16+03:00" level=info msg="Reading config..." func="github.com/POMBNK/restAPI/pkg/config.GetCfg.func1()" file="config.go:24:"
time="2023-06-07T22:19:16+03:00" level=info msg="Starting app" func="main.main()" file="app.go:32:"
time="2023-06-07T22:19:16+03:00" level=info msg="Listen tcp" func="main.start()" file="app.go:42:"
time="2023-06-07T22:20:31+03:00" level=info msg=GetUsersListsMethod func="github.com/POMBNK/restAPI/internal/user.(*handler).GetUsersList()" file="handler.go:39:"
time="2023-06-07T22:20:42+03:00" level=info msg=GetUsersListsMethod func="github.com/POMBNK/restAPI/internal/user.(*handler).GetUsersList()" file="handler.go:39:"
time="2023-06-07T22:20:45+03:00" level=info msg=GetUsersListsMethod func="github.com/POMBNK/restAPI/internal/user.(*handler).GetUsersList()" file="handler.go:39:"
time="2023-06-07T22:21:10+03:00" level=info msg="Reading config..." func="github.com/POMBNK/restAPI/pkg/config.GetCfg.func1()" file="config.go:24:"
time="2023-06-07T22:21:10+03:00" level=info msg="Starting app" func="main.main()" file="app.go:32:"
time="2023-06-07T22:21:10+03:00" level=debug msg="Create a socket at path: /home/pombnk/.cache/JetBrains/GoLand2023.1/tmp/GoLand/app.sock" func="main.start()" file="app.go:53:"
time="2023-06-07T22:21:10+03:00" level=info msg="Listen socket" func="main.start()" file="app.go:54:"
time="2023-06-07T22:21:49+03:00" level=info msg="Reading config..." func="github.com/POMBNK/restAPI/pkg/config.GetCfg.func1()" file="config.go:24:"
time="2023-06-07T22:21:49+03:00" level=info msg="Starting app" func="main.main()" file="app.go:32:"
time="2023-06-07T22:21:49+03:00" level=debug msg="Create a socket at path: /home/pombnk/.cache/JetBrains/GoLand2023.1/tmp/GoLand/app.sock" func="main.start()" file="app.go:53:"
time="2023-06-07T22:21:49+03:00" level=info msg="Listen socket" func="main.start()" file="app.go:54:"
time="2023-06-07T22:25:50+03:00" level=info msg="Reading config..." func="github.com/POMBNK/restAPI/pkg/config.GetCfg.func1()" file="config.go:24:"
time="2023-06-07T22:25:50+03:00" level=info msg="Starting app" func="main.main()" file="app.go:32:"
time="2023-06-07T22:25:50+03:00" level=debug msg="Create a socket at path: /home/pombnk/.cache/JetBrains/GoLand2023.1/tmp/GoLand/app.sock" func="main.start()" file="app.go:53:"
time="2023-06-07T22:25:50+03:00" level=info msg="Listen socket" func="main.start()" file="app.go:54:"
time="2023-06-07T22:26:57+03:00" level=info msg="Reading config..." func="github.com/POMBNK/restAPI/pkg/config.GetCfg.func1()" file="config.go:24:"
time="2023-06-07T22:26:57+03:00" level=info msg="Starting app" func="main.main()" file="app.go:32:"
time="2023-06-07T22:26:57+03:00" level=debug msg="Create a socket at path: /home/pombnk/.cache/JetBrains/GoLand2023.1/tmp/GoLand/app.sock" func="main.start()" file="app.go:53:"
time="2023-06-07T22:26:57+03:00" level=info msg="Listen socket" func="main.start()" file="app.go:54:"
time="2023-06-07T22:26:57+03:00" level=fatal msg="listen unix /home/pombnk/.cache/JetBrains/GoLand2023.1/tmp/GoLand/app.sock: bind: address already in use" func="main.start()" file="app.go:57:"
time="2023-06-07T22:27:51+03:00" level=info msg="Reading config..." func="github.com/POMBNK/restAPI/pkg/config.GetCfg.func1()" file="config.go:24:"
time="2023-06-07T22:27:51+03:00" level=info msg="Starting app" func="main.main()" file="app.go:32:"
time="2023-06-07T22:27:51+03:00" level=debug msg="Create a socket at path: /home/pombnk/.cache/JetBrains/GoLand2023.1/tmp/GoLand/app.sock" func="main.start()" file="app.go:53:"
time="2023-06-07T22:27:51+03:00" level=info msg="Listen socket" func="main.start()" file="app.go:54:"
time="2023-06-07T22:27:51+03:00" level=fatal msg="listen unix /home/pombnk/.cache/JetBrains/GoLand2023.1/tmp/GoLand/app.sock: bind: address already in use" func="main.start()" file="app.go:57:"
time="2023-06-07T22:28:08+03:00" level=info msg="Reading config..." func="github.com/POMBNK/restAPI/pkg/config.GetCfg.func1()" file="config.go:24:"
time="2023-06-07T22:28:08+03:00" level=info msg="Starting app" func="main.main()" file="app.go:32:"
time="2023-06-07T22:28:08+03:00" level=debug msg="Create a socket at path: /home/pombnk/.cache/JetBrains/GoLand2023.1/tmp/GoLand/app.sock" func="main.start()" file="app.go:53:"
time="2023-06-07T22:28:08+03:00" level=info msg="Listen socket" func="main.start()" file="app.go:54:"
time="2023-06-07T22:28:08+03:00" level=fatal msg="listen unix /home/pombnk/.cache/JetBrains/GoLand2023.1/tmp/GoLand/app.sock: bind: address already in use" func="main.start()" file="app.go:57:"
time="2023-06-07T22:29:08+03:00" level=info msg="Reading config..." func="github.com/POMBNK/restAPI/pkg/config.GetCfg.func1()" file="config.go:24:"
time="2023-06-07T22:29:08+03:00" level=info msg="Starting app" func="main.main()" file="app.go:32:"
time="2023-06-07T22:29:08+03:00" level=debug msg="Create a socket at path: /tmp/go-build1118865731/b001/exe/app.sock" func="main.start()" file="app.go:53:"
time="2023-06-07T22:29:08+03:00" level=info msg="Listen socket" func="main.start()" file="app.go:54:"
time="2023-06-07T22:31:50+03:00" level=info msg="Reading config..." func="github.com/POMBNK/restAPI/pkg/config.GetCfg.func1()" file="config.go:24:"
time="2023-06-07T22:31:50+03:00" level=info msg="Starting app" func="main.main()" file="app.go:32:"
time="2023-06-07T22:31:50+03:00" level=debug msg="Create a socket at path: /home/pombnk/.cache/JetBrains/GoLand2023.1/tmp/GoLand/app.sock" func="main.start()" file="app.go:53:"
time="2023-06-07T22:31:50+03:00" level=info msg="Listen socket" func="main.start()" file="app.go:54:"
time="2023-06-07T22:31:50+03:00" level=fatal msg="listen unix /home/pombnk/.cache/JetBrains/GoLand2023.1/tmp/GoLand/app.sock: bind: address already in use" func="main.start()" file="app.go:57:"
time="2023-06-07T22:32:05+03:00" level=info msg="Reading config..." func="github.com/POMBNK/restAPI/pkg/config.GetCfg.func1()" file="config.go:24:"
time="2023-06-07T22:32:05+03:00" level=info msg="Starting app" func="main.main()" file="app.go:32:"
time="2023-06-07T22:32:05+03:00" level=debug msg="Create a socket at path: /home/pombnk/.cache/JetBrains/GoLand2023.1/tmp/GoLand/app.sock" func="main.start()" file="app.go:53:"
time="2023-06-07T22:32:05+03:00" level=info msg="Listen socket" func="main.start()" file="app.go:54:"
time="2023-06-07T22:32:05+03:00" level=fatal msg="listen unix /home/pombnk/.cache/JetBrains/GoLand2023.1/tmp/GoLand/app.sock: bind: address already in use" func="main.start()" file="app.go:57:"
time="2023-06-07T22:34:55+03:00" level=info msg="Reading config..." func="github.com/POMBNK/restAPI/pkg/config.GetCfg.func1()" file="config.go:24:"
time="2023-06-07T22:34:55+03:00" level=info msg="Starting app" func="main.main()" file="app.go:32:"
time="2023-06-07T22:34:55+03:00" level=debug msg="Create a socket at path: /home/pombnk/.cache/JetBrains/GoLand2023.1/tmp/GoLand/app.sock" func="main.start()" file="app.go:53:"
time="2023-06-07T22:34:55+03:00" level=info msg="Listen socket" func="main.start()" file="app.go:54:"
time="2023-06-07T22:34:55+03:00" level=fatal msg="listen unix /home/pombnk/.cache/JetBrains/GoLand2023.1/tmp/GoLand/app.sock: bind: address already in use" func="main.start()" file="app.go:57:"
time="2023-06-07T22:34:59+03:00" level=info msg="Reading config..." func="github.com/POMBNK/restAPI/pkg/config.GetCfg.func1()" file="config.go:24:"
time="2023-06-07T22:34:59+03:00" level=info msg="Starting app" func="main.main()" file="app.go:32:"
time="2023-06-07T22:34:59+03:00" level=debug msg="Create a socket at path: /home/pombnk/.cache/JetBrains/GoLand2023.1/tmp/GoLand/app.sock" func="main.start()" file="app.go:53:"
time="2023-06-07T22:34:59+03:00" level=info msg="Listen socket" func="main.start()" file="app.go:54:"
time="2023-06-07T22:34:59+03:00" level=fatal msg="listen unix /home/pombnk/.cache/JetBrains/GoLand2023.1/tmp/GoLand/app.sock: bind: address already in use" func="main.start()" file="app.go:57:"
time="2023-06-07T22:35:01+03:00" level=info msg="Reading config..." func="github.com/POMBNK/restAPI/pkg/config.GetCfg.func1()" file="config.go:24:"
time="2023-06-07T22:35:01+03:00" level=info msg="Starting app" func="main.main()" file="app.go:32:"
time="2023-06-07T22:35:01+03:00" level=debug msg="Create a socket at path: /home/pombnk/.cache/JetBrains/GoLand2023.1/tmp/GoLand/app.sock" func="main.start()" file="app.go:53:"
time="2023-06-07T22:35:01+03:00" level=info msg="Listen socket" func="main.start()" file="app.go:54:"
time="2023-06-07T22:35:01+03:00" level=fatal msg="listen unix /home/pombnk/.cache/JetBrains/GoLand2023.1/tmp/GoLand/app.sock: bind: address already in use" func="main.start()" file="app.go:57:"
time="2023-06-07T22:35:35+03:00" level=info msg="Reading config..." func="github.com/POMBNK/restAPI/pkg/config.GetCfg.func1()" file="config.go:24:"
time="2023-06-07T22:35:35+03:00" level=info msg="Starting app" func="main.main()" file="app.go:32:"
time="2023-06-07T22:35:35+03:00" level=debug msg="Create a socket at path: /home/pombnk/development/sandboxRestApi/app.sock" func="main.start()" file="app.go:53:"
time="2023-06-07T22:35:35+03:00" level=info msg="Listen socket" func="main.start()" file="app.go:54:"
time="2023-06-07T22:36:28+03:00" level=info msg="Reading config..." func="github.com/POMBNK/restAPI/pkg/config.GetCfg.func1()" file="config.go:24:"
time="2023-06-07T22:36:28+03:00" level=info msg="Starting app" func="main.main()" file="app.go:32:"
time="2023-06-07T22:36:28+03:00" level=debug msg="Create a socket at path: /home/pombnk/development/sandboxRestApi/app.sock" func="main.start()" file="app.go:53:"
time="2023-06-07T22:36:28+03:00" level=info msg="Listen socket" func="main.start()" file="app.go:54:"
time="2023-06-28T00:10:02+03:00" level=info msg="Reading config..." func="github.com/POMBNK/restAPI/pkg/config.GetCfg.func1()" file="config.go:33:"
time="2023-06-28T00:10:02+03:00" level=debug msg="Create user..." func="github.com/POMBNK/restAPI/internal/user/db.(*db).Create()" file="mongodb.go:23:"
time="2023-06-28T00:10:39+03:00" level=info msg="Reading config..." func="github.com/POMBNK/restAPI/pkg/config.GetCfg.func1()" file="config.go:33:"
time="2023-06-28T00:14:14+03:00" level=info msg="Reading config..." func="github.com/POMBNK/restAPI/pkg/config.GetCfg.func1()" file="config.go:33:"
time="2023-06-28T00:14:35+03:00" level=info msg="Reading config..." func="github.com/POMBNK/restAPI/pkg/config.GetCfg.func1()" file="config.go:33:"
time="2023-06-28T00:15:07+03:00" level=info msg="Reading config..." func="github.com/POMBNK/restAPI/pkg/config.GetCfg.func1()" file="config.go:33:"
time="2023-06-28T00:15:07+03:00" level=debug msg="Create user..." func="github.com/POMBNK/restAPI/internal/user/db.(*db).Create()" file="mongodb.go:23:"
time="2023-06-28T00:15:44+03:00" level=info msg="Reading config..." func="github.com/POMBNK/restAPI/pkg/config.GetCfg.func1()" file="config.go:33:"
time="2023-06-28T00:22:04+03:00" level=info msg="Reading config..." func="github.com/POMBNK/restAPI/pkg/config.GetCfg.func1()" file="config.go:33:"
time="2023-06-28T00:22:28+03:00" level=info msg="Reading config..." func="github.com/POMBNK/restAPI/pkg/config.GetCfg.func1()" file="config.go:33:"
time="2023-06-28T00:22:28+03:00" level=debug msg="Create user..." func="github.com/POMBNK/restAPI/internal/user/db.(*db).Create()" file="mongodb.go:23:"
time="2023-06-28T00:22:28+03:00" level=debug msg="Convert created USER ID to object ID..." func="github.com/POMBNK/restAPI/internal/user/db.(*db).Create()" file="mongodb.go:28:"
time="2023-06-28T00:22:28+03:00" level=trace func="github.com/POMBNK/restAPI/internal/user/db.(*db).Create()" file="mongodb.go:33:"
time="2023-06-28T00:22:28+03:00" level=info msg=649b53144096f98c6e938d97 func="main.main()" file="app.go:51:"
time="2023-06-28T00:22:28+03:00" level=info msg="Starting app" func="main.main()" file="app.go:56:"
time="2023-06-28T00:22:28+03:00" level=info msg="Listen tcp" func="main.start()" file="app.go:66:"
time="2023-06-28T00:26:42+03:00" level=info msg="Reading config..." func="github.com/POMBNK/restAPI/pkg/config.GetCfg.func1()" file="config.go:33:"
time="2023-06-28T00:28:54+03:00" level=info msg="Reading config..." func="github.com/POMBNK/restAPI/pkg/config.GetCfg.func1()" file="config.go:33:"
time="2023-06-28T00:30:33+03:00" level=info msg="Reading config..." func="github.com/POMBNK/restAPI/pkg/config.GetCfg.func1()" file="config.go:33:"
time="2023-06-28T00:30:33+03:00" level=debug msg="Create user..." func="github.com/POMBNK/restAPI/internal/user/db.(*db).Create()" file="mongodb.go:23:"
time="2023-06-28T00:30:47+03:00" level=info msg="Reading config..." func="github.com/POMBNK/restAPI/pkg/config.GetCfg.func1()" file="config.go:33:"
time="2023-06-28T00:30:47+03:00" level=debug msg="Create user..." func="github.com/POMBNK/restAPI/internal/user/db.(*db).Create()" file="mongodb.go:23:"
time="2023-06-28T00:30:56+03:00" level=info msg="Reading config..." func="github.com/POMBNK/restAPI/pkg/config.GetCfg.func1()" file="config.go:33:"
time="2023-06-28T00:30:56+03:00" level=debug msg="Create user..." func="github.com/POMBNK/restAPI/internal/user/db.(*db).Create()" file="mongodb.go:23:"
time="2023-06-28T00:31:32+03:00" level=info msg="Reading config..." func="github.com/POMBNK/restAPI/pkg/config.GetCfg.func1()" file="config.go:33:"
time="2023-06-28T00:31:32+03:00" level=debug msg="Create user..." func="github.com/POMBNK/restAPI/internal/user/db.(*db).Create()" file="mongodb.go:23:"
time="2023-06-28T00:31:32+03:00" level=debug msg="Convert created USER ID to object ID..." func="github.com/POMBNK/restAPI/internal/user/db.(*db).Create()" file="mongodb.go:28:"
time="2023-06-28T00:31:32+03:00" level=trace func="github.com/POMBNK/restAPI/internal/user/db.(*db).Create()" file="mongodb.go:33:"
time="2023-06-28T00:31:32+03:00" level=info msg=649b553482e4e9e59b171bb5 func="main.main()" file="app.go:51:"
time="2023-06-28T00:31:32+03:00" level=info msg="Starting app" func="main.main()" file="app.go:56:"
time="2023-06-28T00:31:32+03:00" level=info msg="Listen tcp" func="main.start()" file="app.go:66:"
time="2023-06-28T00:31:38+03:00" level=info msg="Reading config..." func="github.com/POMBNK/restAPI/pkg/config.GetCfg.func1()" file="config.go:33:"
time="2023-06-28T00:31:38+03:00" level=debug msg="Create user..." func="github.com/POMBNK/restAPI/internal/user/db.(*db).Create()" file="mongodb.go:23:"
time="2023-06-28T00:31:38+03:00" level=debug msg="Convert created USER ID to object ID..." func="github.com/POMBNK/restAPI/internal/user/db.(*db).Create()" file="mongodb.go:28:"
time="2023-06-28T00:31:38+03:00" level=trace func="github.com/POMBNK/restAPI/internal/user/db.(*db).Create()" file="mongodb.go:33:"
time="2023-06-28T00:31:38+03:00" level=info msg=649b553aabcdf6dbfc509499 func="main.main()" file="app.go:51:"
time="2023-06-28T00:31:38+03:00" level=info msg="Starting app" func="main.main()" file="app.go:56:"
time="2023-06-28T00:31:38+03:00" level=info msg="Listen tcp" func="main.start()" file="app.go:66:"
time="2023-06-30T13:22:08+03:00" level=info msg="Reading config..." func="github.com/POMBNK/restAPI/pkg/config.GetCfg.func1()" file="config.go:33:"
time="2023-06-30T13:22:08+03:00" level=debug msg="Create user..." func="github.com/POMBNK/restAPI/internal/user/db.(*db).Create()" file="mongodb.go:23:"
time="2023-06-30T13:22:08+03:00" level=debug msg="Convert created USER ID to object ID..." func="github.com/POMBNK/restAPI/internal/user/db.(*db).Create()" file="mongodb.go:28:"
time="2023-06-30T13:22:08+03:00" level=trace func="github.com/POMBNK/restAPI/internal/user/db.(*db).Create()" file="mongodb.go:33:"
time="2023-06-30T13:22:08+03:00" level=info msg=649eacd07ef347c27deef57b func="main.main()" file="app.go:51:"
time="2023-06-30T13:22:08+03:00" level=info msg="{649eacd07ef347c27deef57b KekShmec asdadsghjdkl testudser@gmail.com}" func="main.main()" file="app.go:57:"
time="2023-06-30T13:22:08+03:00" level=info msg="Starting app" func="main.main()" file="app.go:62:"
time="2023-06-30T13:22:08+03:00" level=info msg="Listen tcp" func="main.start()" file="app.go:72:"
time="2023-06-30T13:23:46+03:00" level=info msg="Reading config..." func="github.com/POMBNK/restAPI/pkg/config.GetCfg.func1()" file="config.go:33:"
time="2023-06-30T13:23:46+03:00" level=info msg="{649b553482e4e9e59b171bb5 KekShmec asdadsghjdkl testudser@gmail.com}" func="main.main()" file="app.go:57:"
time="2023-06-30T13:23:46+03:00" level=info msg="Starting app" func="main.main()" file="app.go:62:"
time="2023-06-30T13:23:46+03:00" level=info msg="Listen tcp" func="main.start()" file="app.go:72:"
time="2023-06-30T13:24:50+03:00" level=info msg="Reading config..." func="github.com/POMBNK/restAPI/pkg/config.GetCfg.func1()" file="config.go:33:"
time="2023-06-30T13:25:08+03:00" level=info msg="Reading config..." func="github.com/POMBNK/restAPI/pkg/config.GetCfg.func1()" file="config.go:33:"
time="2023-06-30T13:26:28+03:00" level=info msg="Reading config..." func="github.com/POMBNK/restAPI/pkg/config.GetCfg.func1()" file="config.go:33:"
time="2023-06-30T13:26:28+03:00" level=debug msg="No user found" func="github.com/POMBNK/restAPI/internal/user/db.(*db).GetById()" file="mongodb.go:48:"
time="2023-06-30T13:26:28+03:00" level=info msg="{   }" func="main.main()" file="app.go:57:"
time="2023-06-30T13:26:28+03:00" level=info msg="Starting app" func="main.main()" file="app.go:62:"
time="2023-06-30T13:26:28+03:00" level=info msg="Listen tcp" func="main.start()" file="app.go:72:"
time="2023-06-30T13:40:32+03:00" level=info msg="Reading config..." func="github.com/POMBNK/restAPI/pkg/config.GetCfg.func1()" file="config.go:33:"
time="2023-06-30T13:40:32+03:00" level=debug msg="Create user..." func="github.com/POMBNK/restAPI/internal/user/db.(*db).Create()" file="mongodb.go:23:"
time="2023-06-30T13:40:32+03:00" level=debug msg="Convert created USER ID to object ID..." func="github.com/POMBNK/restAPI/internal/user/db.(*db).Create()" file="mongodb.go:28:"
time="2023-06-30T13:40:32+03:00" level=trace func="github.com/POMBNK/restAPI/internal/user/db.(*db).Create()" file="mongodb.go:33:"
time="2023-06-30T13:40:32+03:00" level=info msg=649eb120a7d456d14b1f7ce7 func="main.main()" file="app.go:51:"
time="2023-06-30T13:40:32+03:00" level=info msg="{649eb120a7d456d14b1f7ce7 AlloAllo asdasdasdas KekesShmekes@gmail.com}" func="main.main()" file="app.go:57:"
time="2023-06-30T13:57:10+03:00" level=info msg="Reading config..." func="github.com/POMBNK/restAPI/pkg/config.GetCfg.func1()" file="config.go:33:"
time="2023-06-30T13:57:10+03:00" level=debug msg="Create user..." func="github.com/POMBNK/restAPI/internal/user/db.(*db).Create()" file="mongodb.go:23:"
time="2023-06-30T13:57:10+03:00" level=debug msg="Convert created USER ID to object ID..." func="github.com/POMBNK/restAPI/internal/user/db.(*db).Create()" file="mongodb.go:28:"
time="2023-06-30T13:57:10+03:00" level=trace func="github.com/POMBNK/restAPI/internal/user/db.(*db).Create()" file="mongodb.go:33:"
time="2023-06-30T13:57:10+03:00" level=info msg=649eb5061120ffa29b787c98 func="main.main()" file="app.go:51:"
time="2023-06-30T13:57:10+03:00" level=info msg="{649eb5061120ffa29b787c98 AlloAllo asdasdasdas KekesShmekes@gmail.com}" func="main.main()" file="app.go:57:"
time="2023-06-30T13:57:16+03:00" level=info msg="Reading config..." func="github.com/POMBNK/restAPI/pkg/config.GetCfg.func1()" file="config.go:33:"
time="2023-06-30T13:57:16+03:00" level=debug msg="Create user..." func="github.com/POMBNK/restAPI/internal/user/db.(*db).Create()" file="mongodb.go:23:"
time="2023-06-30T13:57:16+03:00" level=debug msg="Convert created USER ID to object ID..." func="github.com/POMBNK/restAPI/internal/user/db.(*db).Create()" file="mongodb.go:28:"
time="2023-06-30T13:57:16+03:00" level=trace func="github.com/POMBNK/restAPI/internal/user/db.(*db).Create()" file="mongodb.go:33:"
time="2023-06-30T13:57:16+03:00" level=info msg=649eb50c778537f3ecd3fbdb func="main.main()" file="app.go:51:"
time="2023-06-30T13:57:16+03:00" level=info msg="{649eb50c778537f3ecd3fbdb AlloAllo asdasdasdas KekesShmekes@gmail.com}" func="main.main()" file="app.go:57:"
time="2023-06-30T13:57:33+03:00" level=info msg="Reading config..." func="github.com/POMBNK/restAPI/pkg/config.GetCfg.func1()" file="config.go:33:"
time="2023-06-30T13:57:33+03:00" level=debug msg="Create user..." func="github.com/POMBNK/restAPI/internal/user/db.(*db).Create()" file="mongodb.go:23:"
time="2023-06-30T13:57:33+03:00" level=debug msg="Convert created USER ID to object ID..." func="github.com/POMBNK/restAPI/internal/user/db.(*db).Create()" file="mongodb.go:28:"
time="2023-06-30T13:57:33+03:00" level=trace func="github.com/POMBNK/restAPI/internal/user/db.(*db).Create()" file="mongodb.go:33:"
time="2023-06-30T13:57:33+03:00" level=info msg=649eb51dc67c2121d9f69c84 func="main.main()" file="app.go:51:"
time="2023-06-30T13:57:33+03:00" level=info msg="{649eb51dc67c2121d9f69c84 AlloAllo asdasdasdas KekesShmekes@gmail.com}" func="main.main()" file="app.go:57:"
time="2023-06-30T14:00:06+03:00" level=info msg="Reading config..." func="github.com/POMBNK/restAPI/pkg/config.GetCfg.func1()" file="config.go:33:"
time="2023-06-30T14:00:06+03:00" level=debug msg="Create user..." func="github.com/POMBNK/restAPI/internal/user/db.(*db).Create()" file="mongodb.go:23:"
time="2023-06-30T14:00:06+03:00" level=debug msg="Convert created USER ID to object ID..." func="github.com/POMBNK/restAPI/internal/user/db.(*db).Create()" file="mongodb.go:28:"
time="2023-06-30T14:00:06+03:00" level=trace func="github.com/POMBNK/restAPI/internal/user/db.(*db).Create()" file="mongodb.go:33:"
time="2023-06-30T14:00:06+03:00" level=info msg=649eb5b6587739d58cad15af func="main.main()" file="app.go:51:"
time="2023-06-30T14:00:06+03:00" level=info msg="{649eb5b6587739d58cad15af AlloAllo asdasdasdas KekesShmekes@gmail.com}" func="main.main()" file="app.go:57:"
time="2023-06-30T14:05:33+03:00" level=info msg="Reading config..." func="github.com/POMBNK/restAPI/pkg/config.GetCfg.func1()" file="config.go:33:"
time="2023-06-30T14:05:33+03:00" level=debug msg="Create user..." func="github.com/POMBNK/restAPI/internal/user/db.(*db).Create()" file="mongodb.go:23:"
time="2023-06-30T14:05:33+03:00" level=debug msg="Convert created USER ID to object ID..." func="github.com/POMBNK/restAPI/internal/user/db.(*db).Create()" file="mongodb.go:28:"
time="2023-06-30T14:05:33+03:00" level=trace func="github.com/POMBNK/restAPI/internal/user/db.(*db).Create()" file="mongodb.go:33:"
time="2023-06-30T14:05:33+03:00" level=info msg=649eb6fd2f424bbd42dd0e14 func="main.main()" file="app.go:51:"
time="2023-06-30T14:05:33+03:00" level=info msg="{649eb6fd2f424bbd42dd0e14 AlloAllo asdasdasdas KekesShmekes@gmail.com}" func="main.main()" file="app.go:57:"
time="2023-06-30T14:07:59+03:00" level=info msg="Reading config..." func="github.com/POMBNK/restAPI/pkg/config.GetCfg.func1()" file="config.go:33:"
time="2023-06-30T14:11:14+03:00" level=info msg="Reading config..." func="github.com/POMBNK/restAPI/pkg/config.GetCfg.func1()" file="config.go:33:"
time="2023-06-30T14:11:14+03:00" level=info msg="{649eb6fd2f424bbd42dd0e14 AlloAllo asdasdasdas KekesShmekes@gmail.com}" func="main.main()" file="app.go:57:"
time="2023-06-30T14:15:13+03:00" level=info msg="Reading config..." func="github.com/POMBNK/restAPI/pkg/config.GetCfg.func1()" file="config.go:33:"
time="2023-06-30T14:15:13+03:00" level=info msg="{649eb6fd2f424bbd42dd0e14 AlloAllo asdasdasdas KekesShmekes@gmail.com}" func="main.main()" file="app.go:57:"
time="2023-06-30T14:15:39+03:00" level=info msg="Reading config..." func="github.com/POMBNK/restAPI/pkg/config.GetCfg.func1()" file="config.go:33:"
time="2023-06-30T14:15:39+03:00" level=info msg="{649eb6fd2f424bbd42dd0e14 AlloAllo asdasdasdas KekesShmekes@gmail.com}" func="main.main()" file="app.go:57:"
time="2023-06-30T14:16:40+03:00" level=info msg="Reading config..." func="github.com/POMBNK/restAPI/pkg/config.GetCfg.func1()" file="config.go:33:"
time="2023-06-30T14:16:40+03:00" level=info msg="{649eb6fd2f424bbd42dd0e14 AlloAllo asdasdasdas KekesShmekes@gmail.com}" func="main.main()" file="app.go:57:"
time="2023-06-30T14:17:09+03:00" level=info msg="Reading config..." func="github.com/POMBNK/restAPI/pkg/config.GetCfg.func1()" file="config.go:33:"
time="2023-06-30T14:17:09+03:00" level=info msg="{649eb6fd2f424bbd42dd0e14 AlloAllo asdasdasdas KekesShmekes@gmail.com}" func="main.main()" file="app.go:57:"
time="2023-06-30T14:21:36+03:00" level=info msg="Reading config..." func="github.com/POMBNK/restAPI/pkg/config.GetCfg.func1()" file="config.go:33:"
time="2023-06-30T14:21:36+03:00" level=info msg="{649eb6fd2f424bbd42dd0e14 AlloAllo asdasdasdas KekesShmekes@gmail.com}" func="main.main()" file="app.go:57:"
time="2023-06-30T14:26:23+03:00" level=info msg="Reading config..." func="github.com/POMBNK/restAPI/pkg/config.GetCfg.func1()" file="config.go:33:"
time="2023-06-30T14:26:23+03:00" level=info msg="{649eb6fd2f424bbd42dd0e14 AlloAllo asdasdasdas KekesShmekes@gmail.com}" func="main.main()" file="app.go:57:"
time="2023-06-30T14:26:39+03:00" level=info msg="Reading config..." func="github.com/POMBNK/restAPI/pkg/config.GetCfg.func1()" file="config.go:33:"
time="2023-06-30T14:26:39+03:00" level=info msg="{649eb6fd2f424bbd42dd0e14 AlloAllo asdasdasdas KekesShmekes@gmail.com}" func="main.main()" file="app.go:57:"
time="2023-06-30T14:27:27+03:00" level=info msg="Reading config..." func="github.com/POMBNK/restAPI/pkg/config.GetCfg.func1()" file="config.go:33:"
time="2023-06-30T14:27:27+03:00" level=info msg="{649eb6fd2f424bbd42dd0e14 AlloAllo asdasdasdas KekesShmekes@gmail.com}" func="main.main()" file="app.go:57:"
time="2023-06-30T14:29:16+03:00" level=info msg="Reading config..." func="github.com/POMBNK/restAPI/pkg/config.GetCfg.func1()" file="config.go:33:"
time="2023-06-30T14:29:16+03:00" level=info msg="{649eb6fd2f424bbd42dd0e14 AlloAllo asdasdasdas KekesShmekes@gmail.com}" func="main.main()" file="app.go:58:"
time="2023-06-30T17:03:21+03:00" level=info msg="Reading config..." func="github.com/POMBNK/restAPI/pkg/config.GetCfg.func1()" file="config.go:33:"
time="2023-06-30T17:03:21+03:00" level=info msg="{649eb6fd2f424bbd42dd0e14 AlloAllo asdasdasdas KekesShmekes@gmail.com}" func="main.main()" file="app.go:58:"
time="2023-06-30T17:09:22+03:00" level=info msg="Reading config..." func="github.com/POMBNK/restAPI/pkg/config.GetCfg.func1()" file="config.go:33:"
time="2023-06-30T17:11:58+03:00" level=info msg="Reading config..." func="github.com/POMBNK/restAPI/pkg/config.GetCfg.func1()" file="config.go:33:"
time="2023-06-30T17:12:37+03:00" level=info msg="Reading config..." func="github.com/POMBNK/restAPI/pkg/config.GetCfg.func1()" file="config.go:33:"
time="2023-06-30T17:14:16+03:00" level=info msg="Reading config..." func="github.com/POMBNK/restAPI/pkg/config.GetCfg.func1()" file="config.go:33:"
time="2023-06-30T17:14:16+03:00" level=info msg="{649eb6fd2f424bbd42dd0e14 AlloAllo asdasdasdas KekesShmekes@gmail.com}" func="main.main()" file="app.go:58:"
time="2023-06-30T17:18:42+03:00" level=info msg="Reading config..." func="github.com/POMBNK/restAPI/pkg/config.GetCfg.func1()" file="config.go:33:"
time="2023-06-30T17:18:42+03:00" level=info msg="{649eb6fd2f424bbd42dd0e14 AlloAllo asdasdasdas KekesShmekes@gmail.com}" func="main.main()" file="app.go:58:"
time="2023-06-30T17:20:36+03:00" level=info msg="Reading config..." func="github.com/POMBNK/restAPI/pkg/config.GetCfg.func1()" file="config.go:33:"
time="2023-06-30T17:20:36+03:00" level=info msg="{649eb6fd2f424bbd42dd0e14 AlloAllo asdasdasdas KekesShmekes@gmail.com}" func="main.main()" file="app.go:58:"
time="2023-06-30T17:20:36+03:00" level=info msg="Starting app" func="main.main()" file="app.go:72:"
time="2023-06-30T17:20:36+03:00" level=info msg="Listen tcp" func="main.start()" file="app.go:82:"
time="2023-06-30T17:43:01+03:00" level=info msg="Reading config..." func="github.com/POMBNK/restAPI/pkg/config.GetCfg.func1()" file="config.go:33:"
time="2023-06-30T17:43:01+03:00" level=info msg="{649eb6fd2f424bbd42dd0e14 AlloAllo asdasdasdas novoeMilo@gmail.com}" func="main.main()" file="app.go:58:"
time="2023-06-30T17:43:01+03:00" level=info msg="Starting app" func="main.main()" file="app.go:77:"
time="2023-06-30T17:43:01+03:00" level=info msg="Listen tcp" func="main.start()" file="app.go:87:"
time="2023-06-30T19:51:45+03:00" level=info msg="Reading config..." func="github.com/POMBNK/restAPI/pkg/config.GetCfg.func1()" file="config.go:33:"
time="2023-06-30T19:51:45+03:00" level=info msg="Starting app" func="main.main()" file="app.go:51:"
time="2023-06-30T19:51:45+03:00" level=info msg="Listen tcp" func="main.start()" file="app.go:61:"
time="2023-06-30T19:52:02+03:00" level=info msg="Reading config..." func="github.com/POMBNK/restAPI/pkg/config.GetCfg.func1()" file="config.go:33:"
time="2023-06-30T19:52:02+03:00" level=info msg="Starting app" func="main.main()" file="app.go:51:"
time="2023-06-30T19:52:02+03:00" level=info msg="Listen tcp" func="main.start()" file="app.go:61:"
